<?xml version="1.0" encoding="UTF-8"?>
<!-- Generated by org.testng.reporters.JUnitReportReporter -->
<testsuite hostname="LAPTOP-S0EPAC2L" failures="0" tests="1" name="testClasses.V" time="11.770" errors="0" timestamp="2023-10-04T10:25:58 IST" skipped="0">
  <testcase classname="testClasses.V" name="LaunchTheUrl" time="11.770"/>
</testsuite> <!-- testClasses.V -->
