<?xml version="1.0" encoding="UTF-8"?>
<!-- Generated by org.testng.reporters.JUnitReportReporter -->
<testsuite hostname="LAPTOP-S0EPAC2L" failures="0" tests="1" name="testcases.AddToCartProduct" time="55.462" errors="0" timestamp="2023-10-12T14:48:08 IST" skipped="0">
  <testcase classname="testcases.AddToCartProduct" name="addtocart" time="55.462"/>
</testsuite> <!-- testcases.AddToCartProduct -->
