<?xml version="1.0" encoding="UTF-8"?>
<!-- Generated by org.testng.reporters.JUnitReportReporter -->
<testsuite hostname="LAPTOP-S0EPAC2L" failures="0" tests="1" name="testClasses.ScreenShot" time="9.883" errors="0" timestamp="2023-10-04T21:06:40 IST" skipped="0">
  <testcase classname="testClasses.ScreenShot" name="capturingScreenShot" time="9.883"/>
</testsuite> <!-- testClasses.ScreenShot -->
