<?xml version="1.0" encoding="UTF-8"?>
<!-- Generated by org.testng.reporters.JUnitReportReporter -->
<testsuite hostname="LAPTOP-S0EPAC2L" failures="0" tests="1" name="testClasses.LoginPage" time="27.109" errors="0" timestamp="2023-10-07T09:28:05 IST" skipped="0">
  <testcase classname="testClasses.LoginPage" name="verifylogin" time="27.109"/>
</testsuite> <!-- testClasses.LoginPage -->
