<?xml version="1.0" encoding="UTF-8"?>
<!-- Generated by org.testng.reporters.JUnitReportReporter -->
<testsuite hostname="LAPTOP-S0EPAC2L" failures="0" tests="1" name="testClasses.MiniScreenShot" time="10.669" errors="0" timestamp="2023-10-04T16:48:25 IST" skipped="0">
  <testcase classname="testClasses.MiniScreenShot" name="pageScreenShot" time="10.669"/>
</testsuite> <!-- testClasses.MiniScreenShot -->
