<?xml version="1.0" encoding="UTF-8"?>
<!-- Generated by org.testng.reporters.JUnitReportReporter -->
<testsuite hostname="LAPTOP-S0EPAC2L" failures="0" tests="1" name="testClasses.HandleExcel" time="53.510" errors="0" timestamp="2023-10-04T12:47:41 IST" skipped="0">
  <testcase classname="testClasses.HandleExcel" name="handleexcel" time="53.510"/>
</testsuite> <!-- testClasses.HandleExcel -->
