<?xml version="1.0" encoding="UTF-8"?>
<!-- Generated by org.testng.reporters.JUnitReportReporter -->
<testsuite hostname="LAPTOP-S0EPAC2L" failures="0" tests="1" name="testcases.VerifySignupPage" time="99.950" errors="0" timestamp="2023-10-08T15:45:31 IST" skipped="0">
  <testcase classname="testcases.VerifySignupPage" name="signuppage" time="99.950"/>
</testsuite> <!-- testcases.VerifySignupPage -->
