<?xml version="1.0" encoding="UTF-8"?>
<!-- Generated by org.testng.reporters.JUnitReportReporter -->
<testsuite hostname="LAPTOP-S0EPAC2L" failures="0" tests="1" name="testClasses.ScreenShotOrangeHrmSite" time="14.168" errors="0" timestamp="2023-10-05T08:58:18 IST" skipped="0">
  <testcase classname="testClasses.ScreenShotOrangeHrmSite" name="OrangeHRMSS" time="14.168"/>
</testsuite> <!-- testClasses.ScreenShotOrangeHrmSite -->
